0 info it worked if it ends with ok
1 verbose cli [ '/usr/bin/nodejs', '/usr/bin/npm', 'install', 'browserify' ]
2 info using npm@1.3.10
3 info using node@v0.10.25
4 verbose cache add [ 'browserify', null ]
5 verbose cache add name=undefined spec="browserify" args=["browserify",null]
6 verbose parsed url { protocol: null,
6 verbose parsed url   slashes: null,
6 verbose parsed url   auth: null,
6 verbose parsed url   host: null,
6 verbose parsed url   port: null,
6 verbose parsed url   hostname: null,
6 verbose parsed url   hash: null,
6 verbose parsed url   search: null,
6 verbose parsed url   query: null,
6 verbose parsed url   pathname: 'browserify',
6 verbose parsed url   path: 'browserify',
6 verbose parsed url   href: 'browserify' }
7 silly lockFile 84c1c54e-browserify browserify
8 verbose lock browserify /home/luren/.npm/84c1c54e-browserify.lock
9 silly lockFile 84c1c54e-browserify browserify
10 silly lockFile 84c1c54e-browserify browserify
11 verbose addNamed [ 'browserify', '' ]
12 verbose addNamed [ null, '*' ]
13 silly lockFile 80140245-browserify browserify@
14 verbose lock browserify@ /home/luren/.npm/80140245-browserify.lock
15 silly addNameRange { name: 'browserify', range: '*', hasData: false }
16 verbose url raw browserify
17 verbose url resolving [ 'https://registry.npmjs.org/', './browserify' ]
18 verbose url resolved https://registry.npmjs.org/browserify
19 info trying registry request attempt 1 at 16:45:02
20 verbose etag "58e5e092-d9ad0"
21 http GET https://registry.npmjs.org/browserify
22 http 304 https://registry.npmjs.org/browserify
23 silly registry.get cb [ 304,
23 silly registry.get   { date: 'Fri, 07 Apr 2017 20:44:59 GMT',
23 silly registry.get     via: '1.1 varnish',
23 silly registry.get     'cache-control': 'max-age=300',
23 silly registry.get     etag: '"58e5e092-d9ad0"',
23 silly registry.get     age: '22',
23 silly registry.get     connection: 'keep-alive',
23 silly registry.get     'x-served-by': 'cache-jfk8150-JFK',
23 silly registry.get     'x-cache': 'HIT',
23 silly registry.get     'x-cache-hits': '1',
23 silly registry.get     'x-timer': 'S1491597899.551586,VS0,VE1',
23 silly registry.get     vary: 'Accept-Encoding' } ]
24 verbose etag browserify from cache
25 silly addNameRange number 2 { name: 'browserify', range: '*', hasData: true }
26 silly addNameRange versions [ 'browserify',
26 silly addNameRange   [ '0.0.1',
26 silly addNameRange     '0.0.2',
26 silly addNameRange     '0.0.3',
26 silly addNameRange     '0.0.4',
26 silly addNameRange     '0.0.5',
26 silly addNameRange     '0.1.0',
26 silly addNameRange     '0.1.1',
26 silly addNameRange     '0.1.2',
26 silly addNameRange     '0.1.3',
26 silly addNameRange     '0.1.4',
26 silly addNameRange     '0.1.5',
26 silly addNameRange     '0.2.0',
26 silly addNameRange     '0.2.1',
26 silly addNameRange     '0.2.2',
26 silly addNameRange     '0.2.3',
26 silly addNameRange     '0.2.4',
26 silly addNameRange     '0.2.5',
26 silly addNameRange     '0.2.6',
26 silly addNameRange     '0.2.7',
26 silly addNameRange     '0.2.8',
26 silly addNameRange     '0.2.9',
26 silly addNameRange     '0.2.10',
26 silly addNameRange     '0.2.11',
26 silly addNameRange     '0.3.0',
26 silly addNameRange     '0.3.1',
26 silly addNameRange     '0.3.2',
26 silly addNameRange     '0.3.3',
26 silly addNameRange     '0.3.4',
26 silly addNameRange     '0.3.5',
26 silly addNameRange     '0.3.6',
26 silly addNameRange     '0.3.7',
26 silly addNameRange     '0.4.0',
26 silly addNameRange     '0.4.1',
26 silly addNameRange     '0.4.2',
26 silly addNameRange     '0.4.3',
26 silly addNameRange     '0.4.4',
26 silly addNameRange     '0.4.5',
26 silly addNameRange     '0.4.6',
26 silly addNameRange     '0.4.7',
26 silly addNameRange     '0.4.8',
26 silly addNameRange     '0.4.9',
26 silly addNameRange     '0.4.10',
26 silly addNameRange     '0.4.11',
26 silly addNameRange     '0.4.12',
26 silly addNameRange     '0.4.13',
26 silly addNameRange     '0.4.14',
26 silly addNameRange     '0.4.15',
26 silly addNameRange     '0.5.0',
26 silly addNameRange     '0.5.1',
26 silly addNameRange     '0.5.2',
26 silly addNameRange     '1.0.0',
26 silly addNameRange     '1.1.0',
26 silly addNameRange     '1.1.1',
26 silly addNameRange     '1.1.2',
26 silly addNameRange     '1.1.3',
26 silly addNameRange     '1.1.4',
26 silly addNameRange     '1.2.0',
26 silly addNameRange     '1.2.1',
26 silly addNameRange     '1.2.2',
26 silly addNameRange     '1.2.3',
26 silly addNameRange     '1.2.4',
26 silly addNameRange     '1.2.5',
26 silly addNameRange     '1.2.6',
26 silly addNameRange     '1.2.7',
26 silly addNameRange     '1.2.8',
26 silly addNameRange     '1.2.9',
26 silly addNameRange     '1.3.0',
26 silly addNameRange     '1.4.0',
26 silly addNameRange     '1.4.1',
26 silly addNameRange     '1.4.2',
26 silly addNameRange     '1.4.3',
26 silly addNameRange     '1.4.4',
26 silly addNameRange     '1.4.5',
26 silly addNameRange     '1.4.6',
26 silly addNameRange     '1.4.7',
26 silly addNameRange     '1.4.8',
26 silly addNameRange     '1.5.0',
26 silly addNameRange     '1.6.0',
26 silly addNameRange     '1.6.1',
26 silly addNameRange     '1.7.0',
26 silly addNameRange     '1.7.1',
26 silly addNameRange     '1.7.2',
26 silly addNameRange     '1.7.3',
26 silly addNameRange     '1.7.4',
26 silly addNameRange     '1.7.5',
26 silly addNameRange     '1.7.6',
26 silly addNameRange     '1.7.7',
26 silly addNameRange     '1.8.0',
26 silly addNameRange     '1.8.1',
26 silly addNameRange     '1.8.2',
26 silly addNameRange     '1.8.3',
26 silly addNameRange     '1.9.0',
26 silly addNameRange     '1.9.1',
26 silly addNameRange     '1.9.2',
26 silly addNameRange     '1.9.3',
26 silly addNameRange     '1.9.4',
26 silly addNameRange     '1.10.0',
26 silly addNameRange     '1.10.1',
26 silly addNameRange     '1.10.2',
26 silly addNameRange     '1.10.3',
26 silly addNameRange     '1.10.4',
26 silly addNameRange     '1.10.5',
26 silly addNameRange     '1.10.6',
26 silly addNameRange     '1.10.7',
26 silly addNameRange     '1.10.8',
26 silly addNameRange     '1.10.9',
26 silly addNameRange     '1.10.11',
26 silly addNameRange     '1.10.12',
26 silly addNameRange     '1.10.13',
26 silly addNameRange     '1.10.14',
26 silly addNameRange     '1.10.15',
26 silly addNameRange     '1.10.16',
26 silly addNameRange     '1.10.17',
26 silly addNameRange     '1.11.0',
26 silly addNameRange     '1.11.1',
26 silly addNameRange     '1.12.0',
26 silly addNameRange     '1.12.1',
26 silly addNameRange     '1.12.2',
26 silly addNameRange     '1.12.3',
26 silly addNameRange     '1.13.0',
26 silly addNameRange     '1.13.1',
26 silly addNameRange     '1.13.2',
26 silly addNameRange     '1.13.3',
26 silly addNameRange     '1.13.4',
26 silly addNameRange     '1.13.5',
26 silly addNameRange     '1.13.6',
26 silly addNameRange     '1.13.8',
26 silly addNameRange     '1.13.9',
26 silly addNameRange     '1.13.10',
26 silly addNameRange     '1.14.0',
26 silly addNameRange     '1.14.1',
26 silly addNameRange     '1.14.2',
26 silly addNameRange     '1.14.3',
26 silly addNameRange     '1.14.4',
26 silly addNameRange     '1.14.5',
26 silly addNameRange     '1.15.0',
26 silly addNameRange     '1.15.1',
26 silly addNameRange     '1.15.2',
26 silly addNameRange     '1.15.3',
26 silly addNameRange     '1.15.4',
26 silly addNameRange     '1.15.5',
26 silly addNameRange     '1.15.6',
26 silly addNameRange     '1.16.0',
26 silly addNameRange     '1.16.1',
26 silly addNameRange     '1.16.2',
26 silly addNameRange     '1.16.3',
26 silly addNameRange     '1.16.4',
26 silly addNameRange     '1.16.5',
26 silly addNameRange     '1.16.6',
26 silly addNameRange     '1.16.7',
26 silly addNameRange     '1.16.8',
26 silly addNameRange     '1.17.0',
26 silly addNameRange     '1.17.1',
26 silly addNameRange     '1.17.2',
26 silly addNameRange     '1.17.3',
26 silly addNameRange     '1.18.0',
26 silly addNameRange     '2.0.0',
26 silly addNameRange     '2.0.1',
26 silly addNameRange     '2.1.0',
26 silly addNameRange     '2.2.0',
26 silly addNameRange     '2.2.1',
26 silly addNameRange     '2.2.2',
26 silly addNameRange     '2.2.3',
26 silly addNameRange     '2.2.4',
26 silly addNameRange     '2.2.5',
26 silly addNameRange     '2.2.6',
26 silly addNameRange     '2.3.0',
26 silly addNameRange     '2.3.1',
26 silly addNameRange     '2.4.0',
26 silly addNameRange     '2.4.1',
26 silly addNameRange     '2.4.2',
26 silly addNameRange     '2.4.3',
26 silly addNameRange     '2.5.0',
26 silly addNameRange     '2.5.1',
26 silly addNameRange     '2.6.0',
26 silly addNameRange     '2.6.1',
26 silly addNameRange     '2.7.0',
26 silly addNameRange     '2.7.1',
26 silly addNameRange     '2.7.2',
26 silly addNameRange     '2.7.3',
26 silly addNameRange     '2.7.4',
26 silly addNameRange     '2.8.0',
26 silly addNameRange     '2.8.1',
26 silly addNameRange     '2.9.0',
26 silly addNameRange     '2.10.0',
26 silly addNameRange     '2.10.1',
26 silly addNameRange     '2.10.2',
26 silly addNameRange     '2.11.0',
26 silly addNameRange     '2.12.0',
26 silly addNameRange     '2.12.1',
26 silly addNameRange     '2.12.2',
26 silly addNameRange     '2.12.3',
26 silly addNameRange     '2.12.4',
26 silly addNameRange     '2.12.5',
26 silly addNameRange     '2.13.0',
26 silly addNameRange     '2.13.1',
26 silly addNameRange     '2.13.2',
26 silly addNameRange     '2.13.3',
26 silly addNameRange     '2.14.0',
26 silly addNameRange     '2.14.1',
26 silly addNameRange     '2.14.2',
26 silly addNameRange     '2.15.0',
26 silly addNameRange     '2.16.0',
26 silly addNameRange     '2.17.0',
26 silly addNameRange     '2.17.1',
26 silly addNameRange     '2.17.2',
26 silly addNameRange     '2.17.3',
26 silly addNameRange     '2.17.4',
26 silly addNameRange     '2.18.0',
26 silly addNameRange     '2.18.1',
26 silly addNameRange     '2.19.0',
26 silly addNameRange     '2.20.0',
26 silly addNameRange     '2.20.1',
26 silly addNameRange     '2.20.2',
26 silly addNameRange     '2.21.0',
26 silly addNameRange     '2.22.0',
26 silly addNameRange     '2.23.0',
26 silly addNameRange     '2.23.1',
26 silly addNameRange     '2.24.0',
26 silly addNameRange     '2.24.1',
26 silly addNameRange     '2.24.2',
26 silly addNameRange     '2.24.3',
26 silly addNameRange     '2.25.0',
26 silly addNameRange     '2.25.1',
26 silly addNameRange     '2.26.0',
26 silly addNameRange     '2.27.0',
26 silly addNameRange     '2.27.1',
26 silly addNameRange     '2.28.0',
26 silly addNameRange     '2.29.0',
26 silly addNameRange     '2.29.1',
26 silly addNameRange     '2.30.0',
26 silly addNameRange     '2.31.0',
26 silly addNameRange     '2.32.0',
26 silly addNameRange     '2.32.1',
26 silly addNameRange     '2.32.2',
26 silly addNameRange     '2.32.3',
26 silly addNameRange     '2.32.4',
26 silly addNameRange     '2.33.0',
26 silly addNameRange     '2.33.1',
26 silly addNameRange     '2.34.0',
26 silly addNameRange     '2.34.1',
26 silly addNameRange     '2.34.2',
26 silly addNameRange     '2.34.3',
26 silly addNameRange     '2.35.0',
26 silly addNameRange     '2.35.1',
26 silly addNameRange     '2.35.2',
26 silly addNameRange     '2.35.3',
26 silly addNameRange     '2.35.4',
26 silly addNameRange     '2.36.0',
26 silly addNameRange     '2.36.1',
26 silly addNameRange     '3.0.0',
26 silly addNameRange     '3.1.0',
26 silly addNameRange     '3.1.1',
26 silly addNameRange     '3.1.2',
26 silly addNameRange     '3.1.3',
26 silly addNameRange     '3.2.0',
26 silly addNameRange     '3.2.1',
26 silly addNameRange     '3.2.2',
26 silly addNameRange     '3.3.0',
26 silly addNameRange     '3.4.0',
26 silly addNameRange     '3.4.1',
26 silly addNameRange     '3.5.0',
26 silly addNameRange     '3.6.0',
26 silly addNameRange     '3.7.0',
26 silly addNameRange     '3.8.0',
26 silly addNameRange     '3.8.1',
26 silly addNameRange     '3.9.0',
26 silly addNameRange     '3.9.1',
26 silly addNameRange     '3.10.0',
26 silly addNameRange     '3.11.0',
26 silly addNameRange     '3.11.1',
26 silly addNameRange     '3.12.0',
26 silly addNameRange     '3.13.0',
26 silly addNameRange     '3.14.0',
26 silly addNameRange     '3.14.1',
26 silly addNameRange     '3.16.0',
26 silly addNameRange     '3.16.1',
26 silly addNameRange     '3.17.0',
26 silly addNameRange     '3.18.0',
26 silly addNameRange     '3.19.0',
26 silly addNameRange     '3.19.1',
26 silly addNameRange     '3.20.0',
26 silly addNameRange     '3.20.1',
26 silly addNameRange     '3.20.2',
26 silly addNameRange     '3.21.0',
26 silly addNameRange     '3.21.1',
26 silly addNameRange     '3.22.0',
26 silly addNameRange     '3.22.1',
26 silly addNameRange     '3.23.0',
26 silly addNameRange     '3.23.1',
26 silly addNameRange     '3.24.0',
26 silly addNameRange     '3.24.1',
26 silly addNameRange     '3.24.2',
26 silly addNameRange     '3.24.3',
26 silly addNameRange     '3.24.4',
26 silly addNameRange     '3.24.5',
26 silly addNameRange     '3.24.6',
26 silly addNameRange     '3.24.7',
26 silly addNameRange     '3.24.8',
26 silly addNameRange     '3.24.9',
26 silly addNameRange     '3.24.10',
26 silly addNameRange     '3.24.11',
26 silly addNameRange     '3.24.13',
26 silly addNameRange     '3.25.0',
26 silly addNameRange     '3.25.1',
26 silly addNameRange     '3.25.2',
26 silly addNameRange     '3.26.0',
26 silly addNameRange     '3.27.0',
26 silly addNameRange     '3.27.1',
26 silly addNameRange     '3.28.0',
26 silly addNameRange     '3.28.1',
26 silly addNameRange     '3.28.2',
26 silly addNameRange     '3.29.0',
26 silly addNameRange     '3.29.1',
26 silly addNameRange     '3.30.0',
26 silly addNameRange     '3.30.1',
26 silly addNameRange     '3.30.2',
26 silly addNameRange     '3.30.3',
26 silly addNameRange     '3.30.4',
26 silly addNameRange     '3.31.0',
26 silly addNameRange     '3.31.1',
26 silly addNameRange     '3.31.2',
26 silly addNameRange     '3.32.0',
26 silly addNameRange     '3.32.1',
26 silly addNameRange     '3.33.0',
26 silly addNameRange     '3.33.1',
26 silly addNameRange     '3.34.0',
26 silly addNameRange     '3.35.0',
26 silly addNameRange     '3.36.0',
26 silly addNameRange     '3.36.1',
26 silly addNameRange     '3.37.0',
26 silly addNameRange     '3.37.1',
26 silly addNameRange     '3.37.2',
26 silly addNameRange     '3.38.0',
26 silly addNameRange     '3.38.1',
26 silly addNameRange     '3.39.0',
26 silly addNameRange     '3.40.0',
26 silly addNameRange     '3.40.1',
26 silly addNameRange     '3.40.2',
26 silly addNameRange     '3.40.3',
26 silly addNameRange     '3.40.4',
26 silly addNameRange     '3.41.0',
26 silly addNameRange     '3.42.0',
26 silly addNameRange     '3.43.0',
26 silly addNameRange     '3.44.0',
26 silly addNameRange     '3.44.1',
26 silly addNameRange     '3.44.2',
26 silly addNameRange     '3.45.0',
26 silly addNameRange     '3.46.0',
26 silly addNameRange     '3.46.1',
26 silly addNameRange     '4.0.0',
26 silly addNameRange     '4.1.0',
26 silly addNameRange     '4.1.1',
26 silly addNameRange     '4.1.2',
26 silly addNameRange     '4.1.3',
26 silly addNameRange     '4.1.4',
26 silly addNameRange     '4.1.5',
26 silly addNameRange     '4.1.6',
26 silly addNameRange     '4.1.7',
26 silly addNameRange     '4.1.8',
26 silly addNameRange     '4.1.9',
26 silly addNameRange     '4.1.10',
26 silly addNameRange     '4.1.11',
26 silly addNameRange     '4.2.0',
26 silly addNameRange     '4.2.1',
26 silly addNameRange     '4.2.2',
26 silly addNameRange     '4.2.3',
26 silly addNameRange     '5.0.0',
26 silly addNameRange     '5.0.1',
26 silly addNameRange     '5.0.2',
26 silly addNameRange     '5.0.3',
26 silly addNameRange     '5.0.4',
26 silly addNameRange     '5.0.5',
26 silly addNameRange     '5.0.6',
26 silly addNameRange     '5.0.7',
26 silly addNameRange     '5.0.8',
26 silly addNameRange     '5.1.0',
26 silly addNameRange     '5.1.1',
26 silly addNameRange     '5.2.0',
26 silly addNameRange     '5.2.1',
26 silly addNameRange     '5.3.0',
26 silly addNameRange     '5.4.0',
26 silly addNameRange     '5.4.1',
26 silly addNameRange     '5.4.2',
26 silly addNameRange     '5.5.0',
26 silly addNameRange     '5.6.0',
26 silly addNameRange     '5.6.1',
26 silly addNameRange     '5.7.0',
26 silly addNameRange     '5.8.0',
26 silly addNameRange     '5.9.0',
26 silly addNameRange     '5.9.1',
26 silly addNameRange     '5.9.2',
26 silly addNameRange     '5.9.3',
26 silly addNameRange     '5.10.0',
26 silly addNameRange     '5.10.1',
26 silly addNameRange     '5.11.0',
26 silly addNameRange     '5.11.1',
26 silly addNameRange     '5.11.2',
26 silly addNameRange     '5.12.0',
26 silly addNameRange     '5.12.1',
26 silly addNameRange     '5.12.2',
26 silly addNameRange     '5.13.0',
26 silly addNameRange     '5.13.1',
26 silly addNameRange     '6.0.0',
26 silly addNameRange     '6.0.1',
26 silly addNameRange     '6.0.2',
26 silly addNameRange     '6.0.3',
26 silly addNameRange     '6.1.0',
26 silly addNameRange     '6.1.1',
26 silly addNameRange     '6.1.2',
26 silly addNameRange     '6.2.0',
26 silly addNameRange     '6.3.0',
26 silly addNameRange     '6.3.1',
26 silly addNameRange     '6.3.2',
26 silly addNameRange     '6.3.3',
26 silly addNameRange     '6.3.4',
26 silly addNameRange     '7.0.0',
26 silly addNameRange     '7.0.1',
26 silly addNameRange     '7.0.2',
26 silly addNameRange     '7.0.3',
26 silly addNameRange     '7.1.0',
26 silly addNameRange     '8.0.0',
26 silly addNameRange     '8.0.1',
26 silly addNameRange     '8.0.2',
26 silly addNameRange     '8.0.3',
26 silly addNameRange     '8.1.0',
26 silly addNameRange     '8.1.1',
26 silly addNameRange     '8.1.2',
26 silly addNameRange     '8.1.3',
26 silly addNameRange     '9.0.0',
26 silly addNameRange     '9.0.1',
26 silly addNameRange     '9.0.2',
26 silly addNameRange     '9.0.3',
26 silly addNameRange     '9.0.4',
26 silly addNameRange     '9.0.5',
26 silly addNameRange     '9.0.6',
26 silly addNameRange     '9.0.7',
26 silly addNameRange     '9.0.8',
26 silly addNameRange     '10.0.0',
26 silly addNameRange     '10.1.0',
26 silly addNameRange     '10.1.1',
26 silly addNameRange     '10.1.2',
26 silly addNameRange     '10.1.3',
26 silly addNameRange     '10.2.0',
26 silly addNameRange     '10.2.1',
26 silly addNameRange     '10.2.3',
26 silly addNameRange     '10.2.4',
26 silly addNameRange     '10.2.5',
26 silly addNameRange     '10.2.6',
26 silly addNameRange     '11.0.0',
26 silly addNameRange     '11.0.1',
26 silly addNameRange     '11.1.0',
26 silly addNameRange     '11.2.0',
26 silly addNameRange     '12.0.0',
26 silly addNameRange     '12.0.1',
26 silly addNameRange     '12.0.2',
26 silly addNameRange     '13.0.0',
26 silly addNameRange     '13.0.1',
26 silly addNameRange     '13.1.0',
26 silly addNameRange     '13.1.1',
26 silly addNameRange     '13.2.0',
26 silly addNameRange     '13.3.0',
26 silly addNameRange     '14.0.0',
26 silly addNameRange     '14.1.0',
26 silly addNameRange     '14.2.0',
26 silly addNameRange     '14.3.0' ] ]
27 verbose addNamed [ 'browserify', '14.3.0' ]
28 verbose addNamed [ '14.3.0', '14.3.0' ]
29 silly lockFile 090574b4-browserify-14-3-0 browserify@14.3.0
30 verbose lock browserify@14.3.0 /home/luren/.npm/090574b4-browserify-14-3-0.lock
31 silly lockFile a0a98e3d-browserify-browserify-14-3-0-tgz https://registry.npmjs.org/browserify/-/browserify-14.3.0.tgz
32 verbose lock https://registry.npmjs.org/browserify/-/browserify-14.3.0.tgz /home/luren/.npm/a0a98e3d-browserify-browserify-14-3-0-tgz.lock
33 verbose addRemoteTarball [ 'https://registry.npmjs.org/browserify/-/browserify-14.3.0.tgz',
33 verbose addRemoteTarball   'fd003a2386ac1aec127f097885a3cc6373b745c4' ]
34 info retry fetch attempt 1 at 16:45:02
35 verbose fetch to= /home/luren/tmp/npm-135600-anwvJFFq/1491597902568-0.8009914383292198/tmp.tgz
36 http GET https://registry.npmjs.org/browserify/-/browserify-14.3.0.tgz
37 http 200 https://registry.npmjs.org/browserify/-/browserify-14.3.0.tgz
38 verbose tar unpack /home/luren/tmp/npm-135600-anwvJFFq/1491597902568-0.8009914383292198/tmp.tgz
39 silly lockFile 1eb29214-02568-0-8009914383292198-package tar:///home/luren/tmp/npm-135600-anwvJFFq/1491597902568-0.8009914383292198/package
40 verbose lock tar:///home/luren/tmp/npm-135600-anwvJFFq/1491597902568-0.8009914383292198/package /home/luren/.npm/1eb29214-02568-0-8009914383292198-package.lock
41 silly lockFile cc210ce8-02568-0-8009914383292198-tmp-tgz tar:///home/luren/tmp/npm-135600-anwvJFFq/1491597902568-0.8009914383292198/tmp.tgz
42 verbose lock tar:///home/luren/tmp/npm-135600-anwvJFFq/1491597902568-0.8009914383292198/tmp.tgz /home/luren/.npm/cc210ce8-02568-0-8009914383292198-tmp-tgz.lock
43 silly gunzTarPerm modes [ '755', '644' ]
44 silly gunzTarPerm extractEntry package.json
45 silly gunzTarPerm extractEntry LICENSE
46 silly gunzTarPerm extractEntry index.js
47 silly gunzTarPerm extractEntry bin/args.js
48 silly gunzTarPerm extractEntry bin/cmd.js
49 silly gunzTarPerm extractEntry bin/advanced.txt
50 silly gunzTarPerm extractEntry bin/usage.txt
51 silly gunzTarPerm extractEntry changelog.markdown
52 silly gunzTarPerm extractEntry example/api/build.js
53 silly gunzTarPerm extractEntry example/api/browser/bar.js
54 silly gunzTarPerm extractEntry example/api/browser/foo.js
55 silly gunzTarPerm extractEntry example/api/browser/main.js
56 silly gunzTarPerm extractEntry example/multiple_bundles/beep.js
57 silly gunzTarPerm extractEntry example/multiple_bundles/boop.js
58 silly gunzTarPerm extractEntry example/multiple_bundles/robot.js
59 silly gunzTarPerm extractEntry example/multiple_bundles/build.sh
60 silly gunzTarPerm extractEntry example/multiple_bundles/static/beep.html
61 silly gunzTarPerm extractEntry example/multiple_bundles/static/boop.html
62 silly gunzTarPerm extractEntry example/source_maps/build.js
63 silly gunzTarPerm extractEntry example/source_maps/build.sh
64 silly gunzTarPerm extractEntry example/source_maps/index.html
65 silly gunzTarPerm extractEntry example/source_maps/js/foo.js
66 silly gunzTarPerm extractEntry example/source_maps/js/main.js
67 silly gunzTarPerm extractEntry example/source_maps/js/build/.npmignore
68 silly gunzTarPerm extractEntry example/source_maps/js/build/bundle.js
69 silly gunzTarPerm extractEntry example/source_maps/js/wunder/bar.js
70 silly gunzTarPerm extractEntry .travis.yml
71 silly gunzTarPerm extractEntry lib/_empty.js
72 silly gunzTarPerm extractEntry lib/builtins.js
73 silly gunzTarPerm extractEntry readme.markdown
74 silly gunzTarPerm extractEntry test/args.js
75 silly gunzTarPerm extractEntry test/double_bundle.js
76 silly gunzTarPerm extractEntry test/standalone_events.js
77 silly gunzTarPerm extractEntry test/double_bundle_error.js
78 silly gunzTarPerm extractEntry test/standalone.js
79 silly gunzTarPerm extractEntry test/double_buffer.js
80 silly gunzTarPerm extractEntry test/double_bundle_parallel.js
81 silly gunzTarPerm extractEntry test/double_bundle_parallel_cache.js
82 silly gunzTarPerm extractEntry test/shebang.js
83 silly gunzTarPerm extractEntry test/shared_symlink.js
84 silly gunzTarPerm extractEntry test/entry.js
85 silly gunzTarPerm extractEntry test/standalone_sourcemap.js
86 silly gunzTarPerm extractEntry test/reverse_multi_bundle.js
87 silly gunzTarPerm extractEntry test/dollar.js
88 silly gunzTarPerm extractEntry test/entry_exec.js
89 silly gunzTarPerm extractEntry test/stdin.js
90 silly gunzTarPerm extractEntry test/retarget.js
91 silly gunzTarPerm extractEntry test/dep.js
92 silly gunzTarPerm extractEntry test/entry_expose.js
93 silly gunzTarPerm extractEntry test/delay.js
94 silly gunzTarPerm extractEntry test/entry_relative.js
95 silly gunzTarPerm extractEntry test/stream.js
96 silly gunzTarPerm extractEntry test/resolve_exposed.js
97 silly gunzTarPerm extractEntry test/dedupe-nomap.js
98 silly gunzTarPerm extractEntry test/error_code.js
99 silly gunzTarPerm extractEntry test/dedupe-deps.js
100 silly gunzTarPerm extractEntry test/reset.js
101 silly gunzTarPerm extractEntry test/debug_standalone.js
102 silly gunzTarPerm extractEntry test/export.js
103 silly gunzTarPerm extractEntry test/stream_file.js
104 silly gunzTarPerm extractEntry test/require_expose.js
105 silly gunzTarPerm extractEntry test/cycle.js
106 silly gunzTarPerm extractEntry test/external.js
107 silly gunzTarPerm extractEntry test/subdep.js
108 silly gunzTarPerm extractEntry test/require_cache.js
109 silly gunzTarPerm extractEntry test/crypto_ig.js
110 silly gunzTarPerm extractEntry test/relative_dedupe.js
111 silly gunzTarPerm extractEntry test/crypto.js
112 silly gunzTarPerm extractEntry test/external_shim.js
113 silly gunzTarPerm extractEntry test/constants.js
114 silly gunzTarPerm extractEntry test/process.js
115 silly gunzTarPerm extractEntry test/comment.js
116 silly gunzTarPerm extractEntry test/externalize.js
117 silly gunzTarPerm extractEntry test/symlink_dedupe.js
118 silly gunzTarPerm extractEntry test/plugin.js
119 silly gunzTarPerm extractEntry test/coffeeify.js
120 silly gunzTarPerm extractEntry test/fake.js
121 silly gunzTarPerm extractEntry test/syntax_cache.js
122 silly gunzTarPerm extractEntry test/pkg_event.js
123 silly gunzTarPerm extractEntry test/coffee_bin.js
124 silly gunzTarPerm extractEntry test/field.js
125 silly gunzTarPerm extractEntry test/tr.js
126 silly gunzTarPerm extractEntry test/file_event.js
127 silly gunzTarPerm extractEntry test/circular.js
128 silly gunzTarPerm extractEntry test/five_bundle.js
129 silly gunzTarPerm extractEntry test/tr_args.js
130 silly gunzTarPerm extractEntry test/full_paths.js
131 silly gunzTarPerm extractEntry test/catch.js
132 silly gunzTarPerm extractEntry test/pkg.js
133 silly gunzTarPerm extractEntry test/tr_error.js
134 silly gunzTarPerm extractEntry test/glob.js
135 silly gunzTarPerm extractEntry test/bundle_sourcemap.js
136 silly gunzTarPerm extractEntry test/pipeline_deps.js
137 silly gunzTarPerm extractEntry test/bundle_external_global.js
138 silly gunzTarPerm extractEntry test/global.js
139 silly gunzTarPerm extractEntry test/bundle_external.js
140 silly gunzTarPerm extractEntry test/global_coffeeify.js
141 silly gunzTarPerm extractEntry test/tr_flags.js
142 silly gunzTarPerm extractEntry test/global_noparse.js
143 silly gunzTarPerm extractEntry test/bundle.js
144 silly gunzTarPerm extractEntry test/paths_transform.js
145 silly gunzTarPerm extractEntry test/bundle-stream.js
146 silly gunzTarPerm extractEntry test/global_recorder.js
147 silly gunzTarPerm extractEntry test/bundle-bundle-external.js
148 silly gunzTarPerm extractEntry test/paths.js
149 silly gunzTarPerm extractEntry test/tr_global.js
150 silly gunzTarPerm extractEntry test/hash.js
151 silly gunzTarPerm extractEntry test/buffer.js
152 silly gunzTarPerm extractEntry test/pack.js
153 silly gunzTarPerm extractEntry test/browser_field_resolve.js
154 silly gunzTarPerm extractEntry test/noparse.js
155 silly gunzTarPerm extractEntry test/tr_no_entry.js
156 silly gunzTarPerm extractEntry test/no_builtins.js
157 silly gunzTarPerm extractEntry test/browser_field_file.js
158 silly gunzTarPerm extractEntry test/identical.js
159 silly gunzTarPerm extractEntry test/tr_once.js
160 silly gunzTarPerm extractEntry test/multi_symlink.js
161 silly gunzTarPerm extractEntry test/bom.js
162 silly gunzTarPerm extractEntry test/identical_different.js
163 silly gunzTarPerm extractEntry test/tr_order.js
164 silly gunzTarPerm extractEntry test/multi_require.js
165 silly gunzTarPerm extractEntry test/bin_tr_error.js
166 silly gunzTarPerm extractEntry test/ignore.js
167 silly gunzTarPerm extractEntry test/tr_symlink.js
168 silly gunzTarPerm extractEntry test/multi_entry_cross_require.js
169 silly gunzTarPerm extractEntry test/bin_entry.js
170 silly gunzTarPerm extractEntry test/ignore_browser_field.js
171 silly gunzTarPerm extractEntry test/bin.js
172 silly gunzTarPerm extractEntry test/multi_entry.js
173 silly gunzTarPerm extractEntry test/bare_shebang.js
174 silly gunzTarPerm extractEntry test/ignore_missing.js
175 silly gunzTarPerm extractEntry test/bare.js
176 silly gunzTarPerm extractEntry test/multi_bundle_unique.js
177 silly gunzTarPerm extractEntry test/unicode.js
178 silly gunzTarPerm extractEntry test/ignore_transform_key.js
179 silly gunzTarPerm extractEntry test/backbone.js
180 silly gunzTarPerm extractEntry test/multi_bundle.js
181 silly gunzTarPerm extractEntry test/async.js
182 silly gunzTarPerm extractEntry test/json.js
183 silly gunzTarPerm extractEntry test/util.js
184 silly gunzTarPerm extractEntry test/leak.js
185 silly gunzTarPerm extractEntry test/array.js
186 silly gunzTarPerm extractEntry test/maxlisteners.js
187 silly gunzTarPerm extractEntry test/double_bundle_json.js
188 silly gunzTarPerm extractEntry test/yield.js
189 silly gunzTarPerm extractEntry test/hash_instance_context.js
190 silly gunzTarPerm extractEntry test/maxlisteners/main.js
191 silly gunzTarPerm extractEntry test/json/evil.js
192 silly gunzTarPerm extractEntry test/json/main.js
193 silly gunzTarPerm extractEntry test/json/beep.json
194 silly gunzTarPerm extractEntry test/json/evil-chars.json
195 silly gunzTarPerm extractEntry test/ignore_transform_key/main.js
196 silly gunzTarPerm extractEntry test/ignore_transform_key/node_modules/a/package.json
197 silly gunzTarPerm extractEntry test/ignore_transform_key/node_modules/a/index.js
198 silly gunzTarPerm extractEntry test/ignore_transform_key/node_modules/evil-transform/package.json
199 silly gunzTarPerm extractEntry test/ignore_transform_key/node_modules/evil-transform/index.js
200 silly gunzTarPerm extractEntry test/multi_entry/a.js
201 silly gunzTarPerm extractEntry test/multi_entry/b.js
202 silly gunzTarPerm extractEntry test/multi_entry/c.js
203 silly gunzTarPerm extractEntry test/ignore_missing/main.js
204 silly gunzTarPerm extractEntry test/multi_entry_cross_require/a.js
205 silly gunzTarPerm extractEntry test/multi_entry_cross_require/c.js
206 silly gunzTarPerm extractEntry test/multi_entry_cross_require/lib/b.js
207 silly gunzTarPerm extractEntry test/ignore_browser_field/main.js
208 silly gunzTarPerm extractEntry test/ignore_browser_field/node_modules/a/package.json
209 silly gunzTarPerm extractEntry test/ignore_browser_field/node_modules/a/browser.js
210 silly gunzTarPerm extractEntry test/ignore_browser_field/node_modules/a/main.js
211 silly gunzTarPerm extractEntry test/ignore_browser_field/node_modules/b/package.json
212 silly gunzTarPerm extractEntry test/ignore_browser_field/node_modules/b/browser-x.js
213 silly gunzTarPerm extractEntry test/ignore_browser_field/node_modules/b/main.js
214 silly gunzTarPerm extractEntry test/ignore_browser_field/node_modules/b/x.js
215 silly gunzTarPerm extractEntry test/multi_require/a.js
216 silly gunzTarPerm extractEntry test/multi_require/main.js
217 silly gunzTarPerm extractEntry test/ignore/by-id.js
218 silly gunzTarPerm extractEntry test/ignore/by-relative.js
219 silly gunzTarPerm extractEntry test/ignore/double-skip.js
220 silly gunzTarPerm extractEntry test/ignore/main.js
221 silly gunzTarPerm extractEntry test/ignore/skip.js
222 silly gunzTarPerm extractEntry test/ignore/double-skip/index.js
223 silly gunzTarPerm extractEntry test/ignore/double-skip/skip.js
224 silly gunzTarPerm extractEntry test/ignore/ignored/skip.js
225 silly gunzTarPerm extractEntry test/ignore/relative/index.js
226 silly gunzTarPerm extractEntry test/multi_symlink/main.js
227 silly gunzTarPerm extractEntry test/multi_symlink/x.js
228 silly gunzTarPerm extractEntry test/identical_different/main.js
229 silly gunzTarPerm extractEntry test/identical_different/x.js
230 silly gunzTarPerm extractEntry test/identical_different/wow/y.js
231 silly gunzTarPerm extractEntry test/identical_different/wow/node_modules/op/index.js
232 silly gunzTarPerm extractEntry test/identical_different/node_modules/op/index.js
233 silly gunzTarPerm extractEntry test/no_builtins/main.js
234 silly gunzTarPerm extractEntry test/no_builtins/extra/fs.js
235 silly gunzTarPerm extractEntry test/no_builtins/extra/tls.js
236 silly gunzTarPerm extractEntry test/no_builtins/x.txt
237 silly gunzTarPerm extractEntry test/identical/main.js
238 silly gunzTarPerm extractEntry test/identical/x.js
239 silly gunzTarPerm extractEntry test/identical/y.js
240 silly gunzTarPerm extractEntry test/yield/f.js
241 silly gunzTarPerm extractEntry test/yield/main.js
242 silly gunzTarPerm extractEntry test/noparse/a.js
243 silly gunzTarPerm extractEntry test/noparse/b.js
244 silly gunzTarPerm extractEntry test/noparse/dir1/1.js
245 silly gunzTarPerm extractEntry test/noparse/dir1/dir2/2.js
246 silly gunzTarPerm extractEntry test/noparse/node_modules/robot/package.json
247 silly gunzTarPerm extractEntry test/noparse/node_modules/robot/main.js
248 silly gunzTarPerm extractEntry test/noparse/node_modules/robot/lib/beep.js
249 silly gunzTarPerm extractEntry test/noparse/node_modules/robot/lib/boop.js
250 silly gunzTarPerm extractEntry test/array/one.js
251 silly gunzTarPerm extractEntry test/array/three.js
252 silly gunzTarPerm extractEntry test/array/two.js
253 silly gunzTarPerm extractEntry test/hash_instance_context/main.js
254 silly gunzTarPerm extractEntry test/hash_instance_context/one/f.js
255 silly gunzTarPerm extractEntry test/hash_instance_context/one/g.js
256 silly gunzTarPerm extractEntry test/hash_instance_context/one/dir/f.js
257 silly gunzTarPerm extractEntry test/hash_instance_context/one/dir/g.js
258 silly gunzTarPerm extractEntry test/hash_instance_context/three/f.js
259 silly gunzTarPerm extractEntry test/hash_instance_context/three/g.js
260 silly gunzTarPerm extractEntry test/hash_instance_context/three/h.js
261 silly gunzTarPerm extractEntry test/hash_instance_context/three/dir/f.js
262 silly gunzTarPerm extractEntry test/hash_instance_context/three/dir/g.js
263 silly gunzTarPerm extractEntry test/hash_instance_context/three/dir/h.js
264 silly gunzTarPerm extractEntry test/hash_instance_context/two/f.js
265 silly gunzTarPerm extractEntry test/hash_instance_context/two/g.js
266 silly gunzTarPerm extractEntry test/hash_instance_context/two/h.js
267 silly gunzTarPerm extractEntry test/hash_instance_context/two/dir/f.js
268 silly gunzTarPerm extractEntry test/hash_instance_context/two/dir/g.js
269 silly gunzTarPerm extractEntry test/hash_instance_context/two/dir/h.js
270 silly gunzTarPerm extractEntry test/paths/main.js
271 silly gunzTarPerm extractEntry test/paths/x/aaa/index.js
272 silly gunzTarPerm extractEntry test/paths/x/ccc/index.js
273 silly gunzTarPerm extractEntry test/paths/y/bbb/index.js
274 silly gunzTarPerm extractEntry test/paths/y/ccc/index.js
275 silly gunzTarPerm extractEntry test/hash/main.js
276 silly gunzTarPerm extractEntry test/hash/one.js
277 silly gunzTarPerm extractEntry test/hash/other.js
278 silly gunzTarPerm extractEntry test/hash/foo/other.js
279 silly gunzTarPerm extractEntry test/hash/foo/two.js
280 silly gunzTarPerm extractEntry test/global_recorder/main.js
281 silly gunzTarPerm extractEntry test/pipeline_deps/bar.js
282 silly gunzTarPerm extractEntry test/pipeline_deps/foo.js
283 silly gunzTarPerm extractEntry test/pipeline_deps/main.js
284 silly gunzTarPerm extractEntry test/pipeline_deps/xyz.js
285 silly gunzTarPerm extractEntry test/global/buffer.js
286 silly gunzTarPerm extractEntry test/global/filename.js
287 silly gunzTarPerm extractEntry test/global/main.js
288 silly gunzTarPerm extractEntry test/global/tick.js
289 silly gunzTarPerm extractEntry test/global/node_modules/aaa/index.js
290 silly gunzTarPerm extractEntry test/global/node_modules/robot/index.js
291 silly gunzTarPerm extractEntry test/global/node_modules/robot/lib/beep.js
292 silly gunzTarPerm extractEntry test/pkg/package.json
293 silly gunzTarPerm extractEntry test/pkg/main.js
294 silly gunzTarPerm extractEntry test/glob/a.js
295 silly gunzTarPerm extractEntry test/glob/b.js
296 silly gunzTarPerm extractEntry test/glob/lib/z.js
297 silly gunzTarPerm extractEntry test/glob/vendor/x.js
298 silly gunzTarPerm extractEntry test/glob/vendor/y.js
299 silly gunzTarPerm extractEntry test/pkg_event/package.json
300 silly gunzTarPerm extractEntry test/pkg_event/main.js
301 silly gunzTarPerm extractEntry test/field/miss.js
302 silly gunzTarPerm extractEntry test/field/object.js
303 silly gunzTarPerm extractEntry test/field/string.js
304 silly gunzTarPerm extractEntry test/field/sub.js
305 silly gunzTarPerm extractEntry test/field/node_modules/z-miss/package.json
306 silly gunzTarPerm extractEntry test/field/node_modules/z-miss/browser.js
307 silly gunzTarPerm extractEntry test/field/node_modules/z-miss/main.js
308 silly gunzTarPerm extractEntry test/field/node_modules/z-object/package.json
309 silly gunzTarPerm extractEntry test/field/node_modules/z-object/browser.js
310 silly gunzTarPerm extractEntry test/field/node_modules/z-object/main.js
311 silly gunzTarPerm extractEntry test/field/node_modules/z-string/package.json
312 silly gunzTarPerm extractEntry test/field/node_modules/z-string/browser.js
313 silly gunzTarPerm extractEntry test/field/node_modules/z-string/main.js
314 silly gunzTarPerm extractEntry test/field/node_modules/z-sub/package.json
315 silly gunzTarPerm extractEntry test/field/node_modules/z-sub/main.js
316 silly gunzTarPerm extractEntry test/field/node_modules/z-sub/browser/a.js
317 silly gunzTarPerm extractEntry test/field/node_modules/z-sub/browser/b.js
318 silly gunzTarPerm extractEntry test/plugin/main.js
319 silly gunzTarPerm extractEntry test/fake/fake_fs.js
320 silly gunzTarPerm extractEntry test/fake/main.js
321 silly gunzTarPerm extractEntry test/process/main.js
322 silly gunzTarPerm extractEntry test/process/one.js
323 silly gunzTarPerm extractEntry test/process/two.js
324 silly gunzTarPerm extractEntry test/externalize/beep.js
325 silly gunzTarPerm extractEntry test/externalize/boop.js
326 silly gunzTarPerm extractEntry test/externalize/robot.js
327 silly gunzTarPerm extractEntry test/relative_dedupe/index.js
328 silly gunzTarPerm extractEntry test/relative_dedupe/main.js
329 silly gunzTarPerm extractEntry test/relative_dedupe/a/a.js
330 silly gunzTarPerm extractEntry test/relative_dedupe/a/b.js
331 silly gunzTarPerm extractEntry test/relative_dedupe/a/index.js
332 silly gunzTarPerm extractEntry test/relative_dedupe/b/a.js
333 silly gunzTarPerm extractEntry test/relative_dedupe/b/b.js
334 silly gunzTarPerm extractEntry test/relative_dedupe/b/index.js
335 silly gunzTarPerm extractEntry test/external_shim/package.json
336 silly gunzTarPerm extractEntry test/external_shim/bundle1.js
337 silly gunzTarPerm extractEntry test/external_shim/bundle2.js
338 silly gunzTarPerm extractEntry test/external_shim/shim.js
339 silly gunzTarPerm extractEntry test/external_args/main.js
340 silly gunzTarPerm extractEntry test/require_expose/main.js
341 silly gunzTarPerm extractEntry test/require_expose/some_dep.js
342 silly gunzTarPerm extractEntry test/external/main.js
343 silly gunzTarPerm extractEntry test/external/x.js
344 silly gunzTarPerm extractEntry test/export/entry.js
345 silly gunzTarPerm extractEntry test/resolve_exposed/main.js
346 silly gunzTarPerm extractEntry test/resolve_exposed/x.js
347 silly gunzTarPerm extractEntry test/error_code/src.js
348 silly gunzTarPerm extractEntry test/entry_expose/main.js
349 silly gunzTarPerm extractEntry test/multi_bundle/_prelude.js
350 silly gunzTarPerm extractEntry test/multi_bundle/a.js
351 silly gunzTarPerm extractEntry test/multi_bundle/b.js
352 silly gunzTarPerm extractEntry test/multi_bundle/c.js
353 silly gunzTarPerm extractEntry test/entry_exec/fail.js
354 silly gunzTarPerm extractEntry test/entry_exec/main.js
355 silly gunzTarPerm extractEntry test/shared_symlink/main.js
356 silly gunzTarPerm extractEntry test/shared_symlink/app/index.js
357 silly gunzTarPerm extractEntry test/shared_symlink/app/node_modules/foo/index.js
358 silly gunzTarPerm extractEntry test/shared_symlink/shared/index.js
359 silly gunzTarPerm extractEntry test/entry/package.json
360 silly gunzTarPerm extractEntry test/entry/main.js
361 silly gunzTarPerm extractEntry test/entry/needs_three.js
362 silly gunzTarPerm extractEntry test/entry/one.js
363 silly gunzTarPerm extractEntry test/entry/three.js
364 silly gunzTarPerm extractEntry test/entry/two.js
365 silly gunzTarPerm extractEntry test/shebang/foo.js
366 silly gunzTarPerm extractEntry test/shebang/main.js
367 silly gunzTarPerm extractEntry test/dup/foo-dup.js
368 silly gunzTarPerm extractEntry test/dup/foo.js
369 silly gunzTarPerm extractEntry test/dup/index.js
370 silly gunzTarPerm extractEntry test/standalone/main.js
371 silly gunzTarPerm extractEntry test/standalone/one.js
372 silly gunzTarPerm extractEntry test/standalone/two.js
373 silly gunzTarPerm extractEntry test/double_bundle_json/index.js
374 silly gunzTarPerm extractEntry test/double_bundle_json/a.json
375 silly gunzTarPerm extractEntry test/double_bundle_json/b.json
376 silly gunzTarPerm extractEntry test/double_bundle_error/package.json
377 silly gunzTarPerm extractEntry test/double_bundle_error/main.js
378 silly gunzTarPerm extractEntry test/double_bundle_error/needs_three.js
379 silly gunzTarPerm extractEntry test/double_bundle_error/one.js
380 silly gunzTarPerm extractEntry test/double_bundle_error/three.js
381 silly gunzTarPerm extractEntry test/double_bundle_error/two.js
382 silly gunzTarPerm extractEntry test/double_buffer/explicit.js
383 silly gunzTarPerm extractEntry test/double_buffer/implicit.js
384 silly gunzTarPerm extractEntry test/double_buffer/main.js
385 silly gunzTarPerm extractEntry test/dollar/dollar/index.js
386 silly gunzTarPerm extractEntry test/stream/bar.js
387 silly gunzTarPerm extractEntry test/stream/foo.js
388 silly gunzTarPerm extractEntry test/stream/main.js
389 silly gunzTarPerm extractEntry test/delay/diverted.js
390 silly gunzTarPerm extractEntry test/delay/main.js
391 silly gunzTarPerm extractEntry test/debug_standalone/x.js
392 silly gunzTarPerm extractEntry test/subdep/package.json
393 silly gunzTarPerm extractEntry test/subdep/index.js
394 silly gunzTarPerm extractEntry test/cycle/README.md
395 silly gunzTarPerm extractEntry test/cycle/entry.js
396 silly gunzTarPerm extractEntry test/cycle/mod1/a.js
397 silly gunzTarPerm extractEntry test/cycle/mod1/b.js
398 silly gunzTarPerm extractEntry test/cycle/mod2/a.js
399 silly gunzTarPerm extractEntry test/cycle/mod2/b.js
400 silly gunzTarPerm extractEntry test/symlink_dedupe/main.js
401 silly gunzTarPerm extractEntry test/symlink_dedupe/one/f.js
402 silly gunzTarPerm extractEntry test/symlink_dedupe/one/g.js
403 silly gunzTarPerm extractEntry test/comment/main.js
404 silly gunzTarPerm extractEntry test/syntax_cache/invalid.js
405 silly gunzTarPerm extractEntry test/syntax_cache/valid.js
406 silly gunzTarPerm extractEntry test/coffeeify/main.coffee
407 silly gunzTarPerm extractEntry test/tr/package.json
408 silly gunzTarPerm extractEntry test/tr/f.js
409 silly gunzTarPerm extractEntry test/tr/main.js
410 silly gunzTarPerm extractEntry test/tr/subdir/g.js
411 silly gunzTarPerm extractEntry test/coffee_bin/main.coffee
412 silly gunzTarPerm extractEntry test/coffee_bin/x.coffee
413 silly gunzTarPerm extractEntry test/tr_args/main.js
414 silly gunzTarPerm extractEntry test/tr_args/tr.js
415 silly gunzTarPerm extractEntry test/circular/a.js
416 silly gunzTarPerm extractEntry test/circular/b.js
417 silly gunzTarPerm extractEntry test/circular/main.js
418 silly gunzTarPerm extractEntry test/catch/main.js
419 silly gunzTarPerm extractEntry test/bundle_external/boop.js
420 silly gunzTarPerm extractEntry test/bundle_external/main.js
421 silly gunzTarPerm extractEntry test/bundle_external/robot.js
422 silly gunzTarPerm extractEntry test/tr_global/main.js
423 silly gunzTarPerm extractEntry test/tr_global/node_modules/tr/index.js
424 silly gunzTarPerm extractEntry test/tr_global/node_modules/x/index.js
425 silly gunzTarPerm extractEntry test/tr_global/node_modules/x/node_modules/tr/index.js
426 silly gunzTarPerm extractEntry test/bundle-bundle-external/bar.js
427 silly gunzTarPerm extractEntry test/bundle-bundle-external/baz.js
428 silly gunzTarPerm extractEntry test/bundle-bundle-external/foo.js
429 silly gunzTarPerm extractEntry test/tr_no_entry/main.js
430 silly gunzTarPerm extractEntry test/browser_field_resolve/g/package.json
431 silly gunzTarPerm extractEntry test/browser_field_resolve/g/main.js
432 silly gunzTarPerm extractEntry test/browser_field_resolve/g/x.js
433 silly gunzTarPerm extractEntry test/browser_field_resolve/a/package.json
434 silly gunzTarPerm extractEntry test/browser_field_resolve/a/main.js
435 silly gunzTarPerm extractEntry test/browser_field_resolve/c/package.json
436 silly gunzTarPerm extractEntry test/browser_field_resolve/c/main.js
437 silly gunzTarPerm extractEntry test/browser_field_resolve/c/x.js
438 silly gunzTarPerm extractEntry test/browser_field_resolve/d/package.json
439 silly gunzTarPerm extractEntry test/browser_field_resolve/d/main.js
440 silly gunzTarPerm extractEntry test/browser_field_resolve/d/x.js
441 silly gunzTarPerm extractEntry test/browser_field_resolve/e/package.json
442 silly gunzTarPerm extractEntry test/browser_field_resolve/e/main.js
443 silly gunzTarPerm extractEntry test/browser_field_resolve/e/x.js
444 silly gunzTarPerm extractEntry test/browser_field_resolve/f/package.json
445 silly gunzTarPerm extractEntry test/browser_field_resolve/f/main.js
446 silly gunzTarPerm extractEntry test/browser_field_resolve/f/x.js
447 silly gunzTarPerm extractEntry test/browser_field_resolve/b/package.json
448 silly gunzTarPerm extractEntry test/browser_field_resolve/b/main.js
449 silly gunzTarPerm extractEntry test/browser_field_resolve/b/x.js
450 silly gunzTarPerm extractEntry test/browser_field_resolve/h/package.json
451 silly gunzTarPerm extractEntry test/browser_field_resolve/h/main.js
452 silly gunzTarPerm extractEntry test/browser_field_resolve/h/x.js
453 silly gunzTarPerm extractEntry test/browser_field_resolve/i/package.json
454 silly gunzTarPerm extractEntry test/browser_field_resolve/i/browser.js
455 silly gunzTarPerm extractEntry test/browser_field_resolve/i/main.js
456 silly gunzTarPerm extractEntry test/browser_field_resolve/i/x.js
457 silly gunzTarPerm extractEntry test/browser_field_resolve/j/package.json
458 silly gunzTarPerm extractEntry test/browser_field_resolve/j/browser.js
459 silly gunzTarPerm extractEntry test/browser_field_resolve/j/main.js
460 silly gunzTarPerm extractEntry test/browser_field_resolve/j/x.js
461 silly gunzTarPerm extractEntry test/browser_field_resolve/k/main.js
462 silly gunzTarPerm extractEntry test/browser_field_resolve/k/node_modules/x/package.json
463 silly gunzTarPerm extractEntry test/browser_field_resolve/k/node_modules/x/hey.js
464 silly gunzTarPerm extractEntry test/browser_field_resolve/l/main.js
465 silly gunzTarPerm extractEntry test/browser_field_resolve/l/node_modules/x/package.json
466 silly gunzTarPerm extractEntry test/browser_field_resolve/l/node_modules/x/hey.js
467 silly gunzTarPerm extractEntry test/tr_once/main.js
468 silly gunzTarPerm extractEntry test/browser_field_file/package.json
469 silly gunzTarPerm extractEntry test/browser_field_file/wow.js
470 silly gunzTarPerm extractEntry test/tr_order/replace_aaa.js
471 silly gunzTarPerm extractEntry test/tr_order/replace_bbb.js
472 silly gunzTarPerm extractEntry test/bom/hello.js
473 silly gunzTarPerm extractEntry test/tr_symlink/a-module/index.js
474 silly gunzTarPerm extractEntry test/tr_symlink/app/package.json
475 silly gunzTarPerm extractEntry test/tr_symlink/app/main.js
476 silly gunzTarPerm extractEntry test/tr_symlink/b-module/ext.js
477 silly gunzTarPerm extractEntry test/tr_symlink/b-module/index.js
478 silly gunzTarPerm extractEntry test/bin_tr_error/main.js
479 silly gunzTarPerm extractEntry test/bin_tr_error/tr.js
480 silly gunzTarPerm extractEntry test/unicode/main.js
481 silly gunzTarPerm extractEntry test/unicode/one.js
482 silly gunzTarPerm extractEntry test/unicode/two.js
483 silly gunzTarPerm extractEntry test/bare/main.js
484 silly gunzTarPerm extractEntry test/async/src.js
485 silly gunzTarPerm extractEntry test/reverse_multi_bundle/app.js
486 silly gunzTarPerm extractEntry test/reverse_multi_bundle/arbitrary.js
487 silly gunzTarPerm extractEntry test/reverse_multi_bundle/lazy.js
488 silly gunzTarPerm extractEntry test/reverse_multi_bundle/shared.js
489 silly gunzTarPerm extractEntry test/node_modules/beep/index.js
490 silly gunzTarPerm extractEntry test/node_modules/plugin-foo/index.js
491 silly gunzTarPerm extractEntry test/node_modules/tr/index.js
492 silly lockFile 1eb29214-02568-0-8009914383292198-package tar:///home/luren/tmp/npm-135600-anwvJFFq/1491597902568-0.8009914383292198/package
493 silly lockFile 1eb29214-02568-0-8009914383292198-package tar:///home/luren/tmp/npm-135600-anwvJFFq/1491597902568-0.8009914383292198/package
494 silly lockFile cc210ce8-02568-0-8009914383292198-tmp-tgz tar:///home/luren/tmp/npm-135600-anwvJFFq/1491597902568-0.8009914383292198/tmp.tgz
495 silly lockFile cc210ce8-02568-0-8009914383292198-tmp-tgz tar:///home/luren/tmp/npm-135600-anwvJFFq/1491597902568-0.8009914383292198/tmp.tgz
496 verbose tar pack [ '/home/luren/.npm/browserify/14.3.0/package.tgz',
496 verbose tar pack   '/home/luren/tmp/npm-135600-anwvJFFq/1491597902568-0.8009914383292198/package' ]
497 verbose tarball /home/luren/.npm/browserify/14.3.0/package.tgz
498 verbose folder /home/luren/tmp/npm-135600-anwvJFFq/1491597902568-0.8009914383292198/package
499 silly lockFile 1eb29214-02568-0-8009914383292198-package tar:///home/luren/tmp/npm-135600-anwvJFFq/1491597902568-0.8009914383292198/package
500 verbose lock tar:///home/luren/tmp/npm-135600-anwvJFFq/1491597902568-0.8009914383292198/package /home/luren/.npm/1eb29214-02568-0-8009914383292198-package.lock
501 silly lockFile f78cb3ee-pm-browserify-14-3-0-package-tgz tar:///home/luren/.npm/browserify/14.3.0/package.tgz
502 verbose lock tar:///home/luren/.npm/browserify/14.3.0/package.tgz /home/luren/.npm/f78cb3ee-pm-browserify-14-3-0-package-tgz.lock
503 silly lockFile 1eb29214-02568-0-8009914383292198-package tar:///home/luren/tmp/npm-135600-anwvJFFq/1491597902568-0.8009914383292198/package
504 silly lockFile 1eb29214-02568-0-8009914383292198-package tar:///home/luren/tmp/npm-135600-anwvJFFq/1491597902568-0.8009914383292198/package
505 silly lockFile f78cb3ee-pm-browserify-14-3-0-package-tgz tar:///home/luren/.npm/browserify/14.3.0/package.tgz
506 silly lockFile f78cb3ee-pm-browserify-14-3-0-package-tgz tar:///home/luren/.npm/browserify/14.3.0/package.tgz
507 silly lockFile a0a98e3d-browserify-browserify-14-3-0-tgz https://registry.npmjs.org/browserify/-/browserify-14.3.0.tgz
508 silly lockFile a0a98e3d-browserify-browserify-14-3-0-tgz https://registry.npmjs.org/browserify/-/browserify-14.3.0.tgz
509 silly lockFile 090574b4-browserify-14-3-0 browserify@14.3.0
510 silly lockFile 090574b4-browserify-14-3-0 browserify@14.3.0
511 silly lockFile 80140245-browserify browserify@
512 silly lockFile 80140245-browserify browserify@
513 error Error: EACCES, chown '/home/luren/.npm/browserify/14.3.0/package.tgz'
513 error  { [Error: EACCES, chown '/home/luren/.npm/browserify/14.3.0/package.tgz']
513 error   errno: 3,
513 error   code: 'EACCES',
513 error   path: '/home/luren/.npm/browserify/14.3.0/package.tgz' }
514 error Please try running this command again as root/Administrator.
515 error System Linux 3.13.0-100-generic
516 error command "/usr/bin/nodejs" "/usr/bin/npm" "install" "browserify"
517 error cwd /home/luren/IDBS_App
518 error node -v v0.10.25
519 error npm -v 1.3.10
520 error path /home/luren/.npm/browserify/14.3.0/package.tgz
521 error code EACCES
522 error errno 3
523 error stack Error: EACCES, chown '/home/luren/.npm/browserify/14.3.0/package.tgz'
524 verbose exit [ 3, true ]
