*** Starting uWSGI 1.9.17.1-debian (64bit) on [Wed Apr 12 18:56:22 2017] ***
compiled with version: 4.8.2 on 23 March 2014 17:15:32
os: Linux-3.13.0-100-generic #147-Ubuntu SMP Tue Oct 18 16:48:51 UTC 2016
nodename: larsde
machine: x86_64
clock source: unix
pcre jit disabled
detected number of CPU cores: 32
current working directory: /etc/uwsgi-emperor/vassals
detected binary path: /srv/IDBS_App/bin/uwsgi
chdir(): No such file or directory [core/uwsgi.c line 2468]
*** Starting uWSGI 1.9.17.1-debian (64bit) on [Wed Apr 12 18:56:25 2017] ***
compiled with version: 4.8.2 on 23 March 2014 17:15:32
os: Linux-3.13.0-100-generic #147-Ubuntu SMP Tue Oct 18 16:48:51 UTC 2016
nodename: larsde
machine: x86_64
clock source: unix
pcre jit disabled
detected number of CPU cores: 32
current working directory: /etc/uwsgi-emperor/vassals
detected binary path: /srv/IDBS_App/bin/uwsgi
chdir(): No such file or directory [core/uwsgi.c line 2468]
*** Starting uWSGI 1.9.17.1-debian (64bit) on [Wed Apr 12 18:56:28 2017] ***
compiled with version: 4.8.2 on 23 March 2014 17:15:32
os: Linux-3.13.0-100-generic #147-Ubuntu SMP Tue Oct 18 16:48:51 UTC 2016
nodename: larsde
machine: x86_64
clock source: unix
pcre jit disabled
detected number of CPU cores: 32
current working directory: /etc/uwsgi-emperor/vassals
detected binary path: /srv/IDBS_App/bin/uwsgi
chdir(): No such file or directory [core/uwsgi.c line 2468]
*** Starting uWSGI 1.9.17.1-debian (64bit) on [Wed Apr 12 18:56:31 2017] ***
compiled with version: 4.8.2 on 23 March 2014 17:15:32
os: Linux-3.13.0-100-generic #147-Ubuntu SMP Tue Oct 18 16:48:51 UTC 2016
nodename: larsde
machine: x86_64
clock source: unix
pcre jit disabled
detected number of CPU cores: 32
current working directory: /etc/uwsgi-emperor/vassals
detected binary path: /srv/IDBS_App/bin/uwsgi
chdir(): No such file or directory [core/uwsgi.c line 2468]
*** Starting uWSGI 1.9.17.1-debian (64bit) on [Wed Apr 12 18:56:34 2017] ***
compiled with version: 4.8.2 on 23 March 2014 17:15:32
os: Linux-3.13.0-100-generic #147-Ubuntu SMP Tue Oct 18 16:48:51 UTC 2016
nodename: larsde
machine: x86_64
clock source: unix
pcre jit disabled
detected number of CPU cores: 32
current working directory: /etc/uwsgi-emperor/vassals
detected binary path: /srv/IDBS_App/bin/uwsgi
chdir(): No such file or directory [core/uwsgi.c line 2468]
*** Starting uWSGI 1.9.17.1-debian (64bit) on [Wed Apr 12 18:56:40 2017] ***
compiled with version: 4.8.2 on 23 March 2014 17:15:32
os: Linux-3.13.0-100-generic #147-Ubuntu SMP Tue Oct 18 16:48:51 UTC 2016
nodename: larsde
machine: x86_64
clock source: unix
pcre jit disabled
detected number of CPU cores: 32
current working directory: /etc/uwsgi-emperor/vassals
detected binary path: /srv/IDBS_App/bin/uwsgi
chdir(): No such file or directory [core/uwsgi.c line 2468]
*** Starting uWSGI 1.9.17.1-debian (64bit) on [Wed Apr 12 18:56:46 2017] ***
compiled with version: 4.8.2 on 23 March 2014 17:15:32
os: Linux-3.13.0-100-generic #147-Ubuntu SMP Tue Oct 18 16:48:51 UTC 2016
nodename: larsde
machine: x86_64
clock source: unix
pcre jit disabled
detected number of CPU cores: 32
current working directory: /etc/uwsgi-emperor/vassals
detected binary path: /srv/IDBS_App/bin/uwsgi
chdir(): No such file or directory [core/uwsgi.c line 2468]
*** Starting uWSGI 1.9.17.1-debian (64bit) on [Wed Apr 12 18:56:52 2017] ***
compiled with version: 4.8.2 on 23 March 2014 17:15:32
os: Linux-3.13.0-100-generic #147-Ubuntu SMP Tue Oct 18 16:48:51 UTC 2016
nodename: larsde
machine: x86_64
clock source: unix
pcre jit disabled
detected number of CPU cores: 32
current working directory: /etc/uwsgi-emperor/vassals
detected binary path: /srv/IDBS_App/bin/uwsgi
chdir(): No such file or directory [core/uwsgi.c line 2468]
*** Starting uWSGI 1.9.17.1-debian (64bit) on [Wed Apr 12 18:57:01 2017] ***
compiled with version: 4.8.2 on 23 March 2014 17:15:32
os: Linux-3.13.0-100-generic #147-Ubuntu SMP Tue Oct 18 16:48:51 UTC 2016
nodename: larsde
machine: x86_64
clock source: unix
pcre jit disabled
detected number of CPU cores: 32
current working directory: /etc/uwsgi-emperor/vassals
detected binary path: /srv/IDBS_App/bin/uwsgi
chdir(): No such file or directory [core/uwsgi.c line 2468]
*** Starting uWSGI 1.9.17.1-debian (64bit) on [Wed Apr 12 18:57:10 2017] ***
compiled with version: 4.8.2 on 23 March 2014 17:15:32
os: Linux-3.13.0-100-generic #147-Ubuntu SMP Tue Oct 18 16:48:51 UTC 2016
nodename: larsde
machine: x86_64
clock source: unix
pcre jit disabled
detected number of CPU cores: 32
current working directory: /etc/uwsgi-emperor/vassals
detected binary path: /srv/IDBS_App/bin/uwsgi
chdir(): No such file or directory [core/uwsgi.c line 2468]
*** Starting uWSGI 1.9.17.1-debian (64bit) on [Wed Apr 12 18:57:19 2017] ***
compiled with version: 4.8.2 on 23 March 2014 17:15:32
os: Linux-3.13.0-100-generic #147-Ubuntu SMP Tue Oct 18 16:48:51 UTC 2016
nodename: larsde
machine: x86_64
clock source: unix
pcre jit disabled
detected number of CPU cores: 32
current working directory: /etc/uwsgi-emperor/vassals
detected binary path: /srv/IDBS_App/bin/uwsgi
chdir(): No such file or directory [core/uwsgi.c line 2468]
*** Starting uWSGI 1.9.17.1-debian (64bit) on [Wed Apr 12 18:57:31 2017] ***
compiled with version: 4.8.2 on 23 March 2014 17:15:32
os: Linux-3.13.0-100-generic #147-Ubuntu SMP Tue Oct 18 16:48:51 UTC 2016
nodename: larsde
machine: x86_64
clock source: unix
pcre jit disabled
detected number of CPU cores: 32
current working directory: /etc/uwsgi-emperor/vassals
detected binary path: /srv/IDBS_App/bin/uwsgi
chdir(): No such file or directory [core/uwsgi.c line 2468]
*** Starting uWSGI 1.9.17.1-debian (64bit) on [Wed Apr 12 18:57:43 2017] ***
compiled with version: 4.8.2 on 23 March 2014 17:15:32
os: Linux-3.13.0-100-generic #147-Ubuntu SMP Tue Oct 18 16:48:51 UTC 2016
nodename: larsde
machine: x86_64
clock source: unix
pcre jit disabled
detected number of CPU cores: 32
current working directory: /etc/uwsgi-emperor/vassals
detected binary path: /srv/IDBS_App/bin/uwsgi
chdir(): No such file or directory [core/uwsgi.c line 2468]
*** Starting uWSGI 1.9.17.1-debian (64bit) on [Wed Apr 12 18:57:55 2017] ***
compiled with version: 4.8.2 on 23 March 2014 17:15:32
os: Linux-3.13.0-100-generic #147-Ubuntu SMP Tue Oct 18 16:48:51 UTC 2016
nodename: larsde
machine: x86_64
clock source: unix
pcre jit disabled
detected number of CPU cores: 32
current working directory: /etc/uwsgi-emperor/vassals
detected binary path: /srv/IDBS_App/bin/uwsgi
chdir(): No such file or directory [core/uwsgi.c line 2468]
*** Starting uWSGI 1.9.17.1-debian (64bit) on [Wed Apr 12 18:58:10 2017] ***
compiled with version: 4.8.2 on 23 March 2014 17:15:32
os: Linux-3.13.0-100-generic #147-Ubuntu SMP Tue Oct 18 16:48:51 UTC 2016
nodename: larsde
machine: x86_64
clock source: unix
pcre jit disabled
detected number of CPU cores: 32
current working directory: /etc/uwsgi-emperor/vassals
detected binary path: /srv/IDBS_App/bin/uwsgi
chdir(): No such file or directory [core/uwsgi.c line 2468]
*** Starting uWSGI 1.9.17.1-debian (64bit) on [Wed Apr 12 18:58:25 2017] ***
compiled with version: 4.8.2 on 23 March 2014 17:15:32
os: Linux-3.13.0-100-generic #147-Ubuntu SMP Tue Oct 18 16:48:51 UTC 2016
nodename: larsde
machine: x86_64
clock source: unix
pcre jit disabled
detected number of CPU cores: 32
current working directory: /etc/uwsgi-emperor/vassals
detected binary path: /srv/IDBS_App/bin/uwsgi
chdir(): No such file or directory [core/uwsgi.c line 2468]
*** Starting uWSGI 1.9.17.1-debian (64bit) on [Wed Apr 12 18:58:40 2017] ***
compiled with version: 4.8.2 on 23 March 2014 17:15:32
os: Linux-3.13.0-100-generic #147-Ubuntu SMP Tue Oct 18 16:48:51 UTC 2016
nodename: larsde
machine: x86_64
clock source: unix
pcre jit disabled
detected number of CPU cores: 32
current working directory: /etc/uwsgi-emperor/vassals
detected binary path: /srv/IDBS_App/bin/uwsgi
chdir(): No such file or directory [core/uwsgi.c line 2468]
*** Starting uWSGI 1.9.17.1-debian (64bit) on [Wed Apr 12 18:58:58 2017] ***
compiled with version: 4.8.2 on 23 March 2014 17:15:32
os: Linux-3.13.0-100-generic #147-Ubuntu SMP Tue Oct 18 16:48:51 UTC 2016
nodename: larsde
machine: x86_64
clock source: unix
pcre jit disabled
detected number of CPU cores: 32
current working directory: /etc/uwsgi-emperor/vassals
detected binary path: /srv/IDBS_App/bin/uwsgi
chdir(): No such file or directory [core/uwsgi.c line 2468]
*** Starting uWSGI 1.9.17.1-debian (64bit) on [Wed Apr 12 18:59:16 2017] ***
compiled with version: 4.8.2 on 23 March 2014 17:15:32
os: Linux-3.13.0-100-generic #147-Ubuntu SMP Tue Oct 18 16:48:51 UTC 2016
nodename: larsde
machine: x86_64
clock source: unix
pcre jit disabled
detected number of CPU cores: 32
current working directory: /etc/uwsgi-emperor/vassals
detected binary path: /srv/IDBS_App/bin/uwsgi
chdir(): No such file or directory [core/uwsgi.c line 2468]
*** Starting uWSGI 1.9.17.1-debian (64bit) on [Wed Apr 12 18:59:34 2017] ***
compiled with version: 4.8.2 on 23 March 2014 17:15:32
os: Linux-3.13.0-100-generic #147-Ubuntu SMP Tue Oct 18 16:48:51 UTC 2016
nodename: larsde
machine: x86_64
clock source: unix
pcre jit disabled
detected number of CPU cores: 32
current working directory: /etc/uwsgi-emperor/vassals
detected binary path: /srv/IDBS_App/bin/uwsgi
chdir(): No such file or directory [core/uwsgi.c line 2468]
*** Starting uWSGI 1.9.17.1-debian (64bit) on [Wed Apr 12 18:59:55 2017] ***
compiled with version: 4.8.2 on 23 March 2014 17:15:32
os: Linux-3.13.0-100-generic #147-Ubuntu SMP Tue Oct 18 16:48:51 UTC 2016
nodename: larsde
machine: x86_64
clock source: unix
pcre jit disabled
detected number of CPU cores: 32
current working directory: /etc/uwsgi-emperor/vassals
detected binary path: /srv/IDBS_App/bin/uwsgi
chdir(): No such file or directory [core/uwsgi.c line 2468]
*** Starting uWSGI 1.9.17.1-debian (64bit) on [Wed Apr 12 19:00:16 2017] ***
compiled with version: 4.8.2 on 23 March 2014 17:15:32
os: Linux-3.13.0-100-generic #147-Ubuntu SMP Tue Oct 18 16:48:51 UTC 2016
nodename: larsde
machine: x86_64
clock source: unix
pcre jit disabled
detected number of CPU cores: 32
current working directory: /etc/uwsgi-emperor/vassals
detected binary path: /srv/IDBS_App/bin/uwsgi
chdir(): No such file or directory [core/uwsgi.c line 2468]
*** Starting uWSGI 1.9.17.1-debian (64bit) on [Wed Apr 12 19:00:37 2017] ***
compiled with version: 4.8.2 on 23 March 2014 17:15:32
os: Linux-3.13.0-100-generic #147-Ubuntu SMP Tue Oct 18 16:48:51 UTC 2016
nodename: larsde
machine: x86_64
clock source: unix
pcre jit disabled
detected number of CPU cores: 32
current working directory: /etc/uwsgi-emperor/vassals
detected binary path: /srv/IDBS_App/bin/uwsgi
chdir(): No such file or directory [core/uwsgi.c line 2468]
*** Starting uWSGI 1.9.17.1-debian (64bit) on [Wed Apr 12 19:01:01 2017] ***
compiled with version: 4.8.2 on 23 March 2014 17:15:32
os: Linux-3.13.0-100-generic #147-Ubuntu SMP Tue Oct 18 16:48:51 UTC 2016
nodename: larsde
machine: x86_64
clock source: unix
pcre jit disabled
detected number of CPU cores: 32
current working directory: /etc/uwsgi-emperor/vassals
detected binary path: /srv/IDBS_App/bin/uwsgi
chdir(): No such file or directory [core/uwsgi.c line 2468]
*** Starting uWSGI 1.9.17.1-debian (64bit) on [Wed Apr 12 19:01:26 2017] ***
compiled with version: 4.8.2 on 23 March 2014 17:15:32
os: Linux-3.13.0-100-generic #147-Ubuntu SMP Tue Oct 18 16:48:51 UTC 2016
nodename: larsde
machine: x86_64
clock source: unix
pcre jit disabled
detected number of CPU cores: 32
current working directory: /etc/uwsgi-emperor/vassals
detected binary path: /srv/IDBS_App/bin/uwsgi
chdir(): No such file or directory [core/uwsgi.c line 2468]
*** Starting uWSGI 1.9.17.1-debian (64bit) on [Wed Apr 12 19:01:50 2017] ***
compiled with version: 4.8.2 on 23 March 2014 17:15:32
os: Linux-3.13.0-100-generic #147-Ubuntu SMP Tue Oct 18 16:48:51 UTC 2016
nodename: larsde
machine: x86_64
clock source: unix
pcre jit disabled
detected number of CPU cores: 32
current working directory: /etc/uwsgi-emperor/vassals
detected binary path: /srv/IDBS_App/bin/uwsgi
chdir(): No such file or directory [core/uwsgi.c line 2468]
*** Starting uWSGI 1.9.17.1-debian (64bit) on [Wed Apr 12 19:02:17 2017] ***
compiled with version: 4.8.2 on 23 March 2014 17:15:32
os: Linux-3.13.0-100-generic #147-Ubuntu SMP Tue Oct 18 16:48:51 UTC 2016
nodename: larsde
machine: x86_64
clock source: unix
pcre jit disabled
detected number of CPU cores: 32
current working directory: /etc/uwsgi-emperor/vassals
detected binary path: /srv/IDBS_App/bin/uwsgi
chdir(): No such file or directory [core/uwsgi.c line 2468]
*** Starting uWSGI 1.9.17.1-debian (64bit) on [Wed Apr 12 19:02:44 2017] ***
compiled with version: 4.8.2 on 23 March 2014 17:15:32
os: Linux-3.13.0-100-generic #147-Ubuntu SMP Tue Oct 18 16:48:51 UTC 2016
nodename: larsde
machine: x86_64
clock source: unix
pcre jit disabled
detected number of CPU cores: 32
current working directory: /etc/uwsgi-emperor/vassals
detected binary path: /srv/IDBS_App/bin/uwsgi
chdir(): No such file or directory [core/uwsgi.c line 2468]
*** Starting uWSGI 1.9.17.1-debian (64bit) on [Wed Apr 12 19:03:11 2017] ***
compiled with version: 4.8.2 on 23 March 2014 17:15:32
os: Linux-3.13.0-100-generic #147-Ubuntu SMP Tue Oct 18 16:48:51 UTC 2016
nodename: larsde
machine: x86_64
clock source: unix
pcre jit disabled
detected number of CPU cores: 32
current working directory: /etc/uwsgi-emperor/vassals
detected binary path: /srv/IDBS_App/bin/uwsgi
chdir(): No such file or directory [core/uwsgi.c line 2468]
*** Starting uWSGI 1.9.17.1-debian (64bit) on [Wed Apr 12 19:03:41 2017] ***
compiled with version: 4.8.2 on 23 March 2014 17:15:32
os: Linux-3.13.0-100-generic #147-Ubuntu SMP Tue Oct 18 16:48:51 UTC 2016
nodename: larsde
machine: x86_64
clock source: unix
pcre jit disabled
detected number of CPU cores: 32
current working directory: /etc/uwsgi-emperor/vassals
detected binary path: /srv/IDBS_App/bin/uwsgi
chdir(): No such file or directory [core/uwsgi.c line 2468]
*** Starting uWSGI 1.9.17.1-debian (64bit) on [Wed Apr 12 19:04:11 2017] ***
compiled with version: 4.8.2 on 23 March 2014 17:15:32
os: Linux-3.13.0-100-generic #147-Ubuntu SMP Tue Oct 18 16:48:51 UTC 2016
nodename: larsde
machine: x86_64
clock source: unix
pcre jit disabled
detected number of CPU cores: 32
current working directory: /etc/uwsgi-emperor/vassals
detected binary path: /srv/IDBS_App/bin/uwsgi
chdir(): No such file or directory [core/uwsgi.c line 2468]
*** Starting uWSGI 1.9.17.1-debian (64bit) on [Wed Apr 12 19:04:41 2017] ***
compiled with version: 4.8.2 on 23 March 2014 17:15:32
os: Linux-3.13.0-100-generic #147-Ubuntu SMP Tue Oct 18 16:48:51 UTC 2016
nodename: larsde
machine: x86_64
clock source: unix
pcre jit disabled
detected number of CPU cores: 32
current working directory: /etc/uwsgi-emperor/vassals
detected binary path: /srv/IDBS_App/bin/uwsgi
chdir(): No such file or directory [core/uwsgi.c line 2468]
*** Starting uWSGI 1.9.17.1-debian (64bit) on [Wed Apr 12 19:05:14 2017] ***
compiled with version: 4.8.2 on 23 March 2014 17:15:32
os: Linux-3.13.0-100-generic #147-Ubuntu SMP Tue Oct 18 16:48:51 UTC 2016
nodename: larsde
machine: x86_64
clock source: unix
pcre jit disabled
detected number of CPU cores: 32
current working directory: /etc/uwsgi-emperor/vassals
detected binary path: /srv/IDBS_App/bin/uwsgi
chdir(): No such file or directory [core/uwsgi.c line 2468]
*** Starting uWSGI 1.9.17.1-debian (64bit) on [Wed Apr 12 19:05:47 2017] ***
compiled with version: 4.8.2 on 23 March 2014 17:15:32
os: Linux-3.13.0-100-generic #147-Ubuntu SMP Tue Oct 18 16:48:51 UTC 2016
nodename: larsde
machine: x86_64
clock source: unix
pcre jit disabled
detected number of CPU cores: 32
current working directory: /etc/uwsgi-emperor/vassals
detected binary path: /srv/IDBS_App/bin/uwsgi
chdir(): No such file or directory [core/uwsgi.c line 2468]
*** Starting uWSGI 1.9.17.1-debian (64bit) on [Wed Apr 12 19:06:20 2017] ***
compiled with version: 4.8.2 on 23 March 2014 17:15:32
os: Linux-3.13.0-100-generic #147-Ubuntu SMP Tue Oct 18 16:48:51 UTC 2016
nodename: larsde
machine: x86_64
clock source: unix
pcre jit disabled
detected number of CPU cores: 32
current working directory: /etc/uwsgi-emperor/vassals
detected binary path: /srv/IDBS_App/bin/uwsgi
chdir(): No such file or directory [core/uwsgi.c line 2468]
*** Starting uWSGI 1.9.17.1-debian (64bit) on [Wed Apr 12 19:06:56 2017] ***
compiled with version: 4.8.2 on 23 March 2014 17:15:32
os: Linux-3.13.0-100-generic #147-Ubuntu SMP Tue Oct 18 16:48:51 UTC 2016
nodename: larsde
machine: x86_64
clock source: unix
pcre jit disabled
detected number of CPU cores: 32
current working directory: /etc/uwsgi-emperor/vassals
detected binary path: /srv/IDBS_App/bin/uwsgi
chdir(): No such file or directory [core/uwsgi.c line 2468]
*** Starting uWSGI 1.9.17.1-debian (64bit) on [Wed Apr 12 19:07:32 2017] ***
compiled with version: 4.8.2 on 23 March 2014 17:15:32
os: Linux-3.13.0-100-generic #147-Ubuntu SMP Tue Oct 18 16:48:51 UTC 2016
nodename: larsde
machine: x86_64
clock source: unix
pcre jit disabled
detected number of CPU cores: 32
current working directory: /etc/uwsgi-emperor/vassals
detected binary path: /srv/IDBS_App/bin/uwsgi
chdir(): No such file or directory [core/uwsgi.c line 2468]
*** Starting uWSGI 1.9.17.1-debian (64bit) on [Wed Apr 12 19:08:08 2017] ***
compiled with version: 4.8.2 on 23 March 2014 17:15:32
os: Linux-3.13.0-100-generic #147-Ubuntu SMP Tue Oct 18 16:48:51 UTC 2016
nodename: larsde
machine: x86_64
clock source: unix
pcre jit disabled
detected number of CPU cores: 32
current working directory: /etc/uwsgi-emperor/vassals
detected binary path: /srv/IDBS_App/bin/uwsgi
chdir(): No such file or directory [core/uwsgi.c line 2468]
*** Starting uWSGI 1.9.17.1-debian (64bit) on [Wed Apr 12 19:08:47 2017] ***
compiled with version: 4.8.2 on 23 March 2014 17:15:32
os: Linux-3.13.0-100-generic #147-Ubuntu SMP Tue Oct 18 16:48:51 UTC 2016
nodename: larsde
machine: x86_64
clock source: unix
pcre jit disabled
detected number of CPU cores: 32
current working directory: /etc/uwsgi-emperor/vassals
detected binary path: /srv/IDBS_App/bin/uwsgi
chdir(): No such file or directory [core/uwsgi.c line 2468]
*** Starting uWSGI 1.9.17.1-debian (64bit) on [Wed Apr 12 19:09:26 2017] ***
compiled with version: 4.8.2 on 23 March 2014 17:15:32
os: Linux-3.13.0-100-generic #147-Ubuntu SMP Tue Oct 18 16:48:51 UTC 2016
nodename: larsde
machine: x86_64
clock source: unix
pcre jit disabled
detected number of CPU cores: 32
current working directory: /etc/uwsgi-emperor/vassals
detected binary path: /srv/IDBS_App/bin/uwsgi
chdir(): No such file or directory [core/uwsgi.c line 2468]
*** Starting uWSGI 1.9.17.1-debian (64bit) on [Wed Apr 12 19:10:05 2017] ***
compiled with version: 4.8.2 on 23 March 2014 17:15:32
os: Linux-3.13.0-100-generic #147-Ubuntu SMP Tue Oct 18 16:48:51 UTC 2016
nodename: larsde
machine: x86_64
clock source: unix
pcre jit disabled
detected number of CPU cores: 32
current working directory: /etc/uwsgi-emperor/vassals
detected binary path: /srv/IDBS_App/bin/uwsgi
chdir(): No such file or directory [core/uwsgi.c line 2468]
*** Starting uWSGI 1.9.17.1-debian (64bit) on [Wed Apr 12 19:10:47 2017] ***
compiled with version: 4.8.2 on 23 March 2014 17:15:32
os: Linux-3.13.0-100-generic #147-Ubuntu SMP Tue Oct 18 16:48:51 UTC 2016
nodename: larsde
machine: x86_64
clock source: unix
pcre jit disabled
detected number of CPU cores: 32
current working directory: /etc/uwsgi-emperor/vassals
detected binary path: /srv/IDBS_App/bin/uwsgi
chdir(): No such file or directory [core/uwsgi.c line 2468]
*** Starting uWSGI 1.9.17.1-debian (64bit) on [Wed Apr 12 19:11:29 2017] ***
compiled with version: 4.8.2 on 23 March 2014 17:15:32
os: Linux-3.13.0-100-generic #147-Ubuntu SMP Tue Oct 18 16:48:51 UTC 2016
nodename: larsde
machine: x86_64
clock source: unix
pcre jit disabled
detected number of CPU cores: 32
current working directory: /etc/uwsgi-emperor/vassals
detected binary path: /srv/IDBS_App/bin/uwsgi
chdir(): No such file or directory [core/uwsgi.c line 2468]
*** Starting uWSGI 1.9.17.1-debian (64bit) on [Wed Apr 12 19:12:11 2017] ***
compiled with version: 4.8.2 on 23 March 2014 17:15:32
os: Linux-3.13.0-100-generic #147-Ubuntu SMP Tue Oct 18 16:48:51 UTC 2016
nodename: larsde
machine: x86_64
clock source: unix
pcre jit disabled
detected number of CPU cores: 32
current working directory: /etc/uwsgi-emperor/vassals
detected binary path: /srv/IDBS_App/bin/uwsgi
chdir(): No such file or directory [core/uwsgi.c line 2468]
*** Starting uWSGI 1.9.17.1-debian (64bit) on [Wed Apr 12 19:12:56 2017] ***
compiled with version: 4.8.2 on 23 March 2014 17:15:32
os: Linux-3.13.0-100-generic #147-Ubuntu SMP Tue Oct 18 16:48:51 UTC 2016
nodename: larsde
machine: x86_64
clock source: unix
pcre jit disabled
detected number of CPU cores: 32
current working directory: /etc/uwsgi-emperor/vassals
detected binary path: /srv/IDBS_App/bin/uwsgi
chdir(): No such file or directory [core/uwsgi.c line 2468]
*** Starting uWSGI 1.9.17.1-debian (64bit) on [Wed Apr 12 19:13:41 2017] ***
compiled with version: 4.8.2 on 23 March 2014 17:15:32
os: Linux-3.13.0-100-generic #147-Ubuntu SMP Tue Oct 18 16:48:51 UTC 2016
nodename: larsde
machine: x86_64
clock source: unix
pcre jit disabled
detected number of CPU cores: 32
current working directory: /etc/uwsgi-emperor/vassals
detected binary path: /srv/IDBS_App/bin/uwsgi
chdir(): No such file or directory [core/uwsgi.c line 2468]
*** Starting uWSGI 1.9.17.1-debian (64bit) on [Wed Apr 12 19:14:26 2017] ***
compiled with version: 4.8.2 on 23 March 2014 17:15:32
os: Linux-3.13.0-100-generic #147-Ubuntu SMP Tue Oct 18 16:48:51 UTC 2016
nodename: larsde
machine: x86_64
clock source: unix
pcre jit disabled
detected number of CPU cores: 32
current working directory: /etc/uwsgi-emperor/vassals
detected binary path: /srv/IDBS_App/bin/uwsgi
chdir(): No such file or directory [core/uwsgi.c line 2468]
*** Starting uWSGI 1.9.17.1-debian (64bit) on [Wed Apr 12 19:15:14 2017] ***
compiled with version: 4.8.2 on 23 March 2014 17:15:32
os: Linux-3.13.0-100-generic #147-Ubuntu SMP Tue Oct 18 16:48:51 UTC 2016
nodename: larsde
machine: x86_64
clock source: unix
pcre jit disabled
detected number of CPU cores: 32
current working directory: /etc/uwsgi-emperor/vassals
detected binary path: /srv/IDBS_App/bin/uwsgi
chdir(): No such file or directory [core/uwsgi.c line 2468]
*** Starting uWSGI 1.9.17.1-debian (64bit) on [Wed Apr 12 19:16:03 2017] ***
compiled with version: 4.8.2 on 23 March 2014 17:15:32
os: Linux-3.13.0-100-generic #147-Ubuntu SMP Tue Oct 18 16:48:51 UTC 2016
nodename: larsde
machine: x86_64
clock source: unix
pcre jit disabled
detected number of CPU cores: 32
current working directory: /etc/uwsgi-emperor/vassals
detected binary path: /srv/IDBS_App/bin/uwsgi
chdir(): No such file or directory [core/uwsgi.c line 2468]
*** Starting uWSGI 1.9.17.1-debian (64bit) on [Wed Apr 12 19:16:51 2017] ***
compiled with version: 4.8.2 on 23 March 2014 17:15:32
os: Linux-3.13.0-100-generic #147-Ubuntu SMP Tue Oct 18 16:48:51 UTC 2016
nodename: larsde
machine: x86_64
clock source: unix
pcre jit disabled
detected number of CPU cores: 32
current working directory: /etc/uwsgi-emperor/vassals
detected binary path: /srv/IDBS_App/bin/uwsgi
chdir(): No such file or directory [core/uwsgi.c line 2468]
*** Starting uWSGI 1.9.17.1-debian (64bit) on [Wed Apr 12 19:17:42 2017] ***
compiled with version: 4.8.2 on 23 March 2014 17:15:32
os: Linux-3.13.0-100-generic #147-Ubuntu SMP Tue Oct 18 16:48:51 UTC 2016
nodename: larsde
machine: x86_64
clock source: unix
pcre jit disabled
detected number of CPU cores: 32
current working directory: /etc/uwsgi-emperor/vassals
detected binary path: /srv/IDBS_App/bin/uwsgi
chdir(): No such file or directory [core/uwsgi.c line 2468]
*** Starting uWSGI 1.9.17.1-debian (64bit) on [Wed Apr 12 19:18:33 2017] ***
compiled with version: 4.8.2 on 23 March 2014 17:15:32
os: Linux-3.13.0-100-generic #147-Ubuntu SMP Tue Oct 18 16:48:51 UTC 2016
nodename: larsde
machine: x86_64
clock source: unix
pcre jit disabled
detected number of CPU cores: 32
current working directory: /etc/uwsgi-emperor/vassals
detected binary path: /srv/IDBS_App/bin/uwsgi
chdir(): No such file or directory [core/uwsgi.c line 2468]
*** Starting uWSGI 1.9.17.1-debian (64bit) on [Wed Apr 12 19:19:24 2017] ***
compiled with version: 4.8.2 on 23 March 2014 17:15:32
os: Linux-3.13.0-100-generic #147-Ubuntu SMP Tue Oct 18 16:48:51 UTC 2016
nodename: larsde
machine: x86_64
clock source: unix
pcre jit disabled
detected number of CPU cores: 32
current working directory: /etc/uwsgi-emperor/vassals
detected binary path: /srv/IDBS_App/bin/uwsgi
chdir(): No such file or directory [core/uwsgi.c line 2468]
*** Starting uWSGI 1.9.17.1-debian (64bit) on [Wed Apr 12 19:20:18 2017] ***
compiled with version: 4.8.2 on 23 March 2014 17:15:32
os: Linux-3.13.0-100-generic #147-Ubuntu SMP Tue Oct 18 16:48:51 UTC 2016
nodename: larsde
machine: x86_64
clock source: unix
pcre jit disabled
detected number of CPU cores: 32
current working directory: /etc/uwsgi-emperor/vassals
detected binary path: /srv/IDBS_App/bin/uwsgi
chdir(): No such file or directory [core/uwsgi.c line 2468]
*** Starting uWSGI 1.9.17.1-debian (64bit) on [Wed Apr 12 19:21:12 2017] ***
compiled with version: 4.8.2 on 23 March 2014 17:15:32
os: Linux-3.13.0-100-generic #147-Ubuntu SMP Tue Oct 18 16:48:51 UTC 2016
nodename: larsde
machine: x86_64
clock source: unix
pcre jit disabled
detected number of CPU cores: 32
current working directory: /etc/uwsgi-emperor/vassals
detected binary path: /srv/IDBS_App/bin/uwsgi
chdir(): No such file or directory [core/uwsgi.c line 2468]
*** Starting uWSGI 1.9.17.1-debian (64bit) on [Wed Apr 12 19:22:06 2017] ***
compiled with version: 4.8.2 on 23 March 2014 17:15:32
os: Linux-3.13.0-100-generic #147-Ubuntu SMP Tue Oct 18 16:48:51 UTC 2016
nodename: larsde
machine: x86_64
clock source: unix
pcre jit disabled
detected number of CPU cores: 32
current working directory: /etc/uwsgi-emperor/vassals
detected binary path: /srv/IDBS_App/bin/uwsgi
chdir(): No such file or directory [core/uwsgi.c line 2468]
*** Starting uWSGI 1.9.17.1-debian (64bit) on [Wed Apr 12 19:23:03 2017] ***
compiled with version: 4.8.2 on 23 March 2014 17:15:32
os: Linux-3.13.0-100-generic #147-Ubuntu SMP Tue Oct 18 16:48:51 UTC 2016
nodename: larsde
machine: x86_64
clock source: unix
pcre jit disabled
detected number of CPU cores: 32
current working directory: /etc/uwsgi-emperor/vassals
detected binary path: /srv/IDBS_App/bin/uwsgi
chdir(): No such file or directory [core/uwsgi.c line 2468]
*** Starting uWSGI 1.9.17.1-debian (64bit) on [Wed Apr 12 19:24:00 2017] ***
compiled with version: 4.8.2 on 23 March 2014 17:15:32
os: Linux-3.13.0-100-generic #147-Ubuntu SMP Tue Oct 18 16:48:51 UTC 2016
nodename: larsde
machine: x86_64
clock source: unix
pcre jit disabled
detected number of CPU cores: 32
current working directory: /etc/uwsgi-emperor/vassals
detected binary path: /srv/IDBS_App/bin/uwsgi
chdir(): No such file or directory [core/uwsgi.c line 2468]
*** Starting uWSGI 1.9.17.1-debian (64bit) on [Wed Apr 12 19:24:57 2017] ***
compiled with version: 4.8.2 on 23 March 2014 17:15:32
os: Linux-3.13.0-100-generic #147-Ubuntu SMP Tue Oct 18 16:48:51 UTC 2016
nodename: larsde
machine: x86_64
clock source: unix
pcre jit disabled
detected number of CPU cores: 32
current working directory: /etc/uwsgi-emperor/vassals
detected binary path: /srv/IDBS_App/bin/uwsgi
chdir(): No such file or directory [core/uwsgi.c line 2468]
*** Starting uWSGI 1.9.17.1-debian (64bit) on [Wed Apr 12 19:25:57 2017] ***
compiled with version: 4.8.2 on 23 March 2014 17:15:32
os: Linux-3.13.0-100-generic #147-Ubuntu SMP Tue Oct 18 16:48:51 UTC 2016
nodename: larsde
machine: x86_64
clock source: unix
pcre jit disabled
detected number of CPU cores: 32
current working directory: /etc/uwsgi-emperor/vassals
detected binary path: /srv/IDBS_App/bin/uwsgi
chdir(): No such file or directory [core/uwsgi.c line 2468]
*** Starting uWSGI 1.9.17.1-debian (64bit) on [Wed Apr 12 19:26:57 2017] ***
compiled with version: 4.8.2 on 23 March 2014 17:15:32
os: Linux-3.13.0-100-generic #147-Ubuntu SMP Tue Oct 18 16:48:51 UTC 2016
nodename: larsde
machine: x86_64
clock source: unix
pcre jit disabled
detected number of CPU cores: 32
current working directory: /etc/uwsgi-emperor/vassals
detected binary path: /srv/IDBS_App/bin/uwsgi
chdir(): No such file or directory [core/uwsgi.c line 2468]
*** Starting uWSGI 1.9.17.1-debian (64bit) on [Wed Apr 12 19:27:57 2017] ***
compiled with version: 4.8.2 on 23 March 2014 17:15:32
os: Linux-3.13.0-100-generic #147-Ubuntu SMP Tue Oct 18 16:48:51 UTC 2016
nodename: larsde
machine: x86_64
clock source: unix
pcre jit disabled
detected number of CPU cores: 32
current working directory: /etc/uwsgi-emperor/vassals
detected binary path: /srv/IDBS_App/bin/uwsgi
chdir(): No such file or directory [core/uwsgi.c line 2468]
*** Starting uWSGI 1.9.17.1-debian (64bit) on [Wed Apr 12 19:29:00 2017] ***
compiled with version: 4.8.2 on 23 March 2014 17:15:32
os: Linux-3.13.0-100-generic #147-Ubuntu SMP Tue Oct 18 16:48:51 UTC 2016
nodename: larsde
machine: x86_64
clock source: unix
pcre jit disabled
detected number of CPU cores: 32
current working directory: /etc/uwsgi-emperor/vassals
detected binary path: /srv/IDBS_App/bin/uwsgi
chdir(): No such file or directory [core/uwsgi.c line 2468]
*** Starting uWSGI 1.9.17.1-debian (64bit) on [Wed Apr 12 19:30:24 2017] ***
compiled with version: 4.8.2 on 23 March 2014 17:15:32
os: Linux-3.13.0-100-generic #147-Ubuntu SMP Tue Oct 18 16:48:51 UTC 2016
nodename: larsde
machine: x86_64
clock source: unix
pcre jit disabled
detected number of CPU cores: 32
current working directory: /etc/uwsgi-emperor/vassals
detected binary path: /srv/IDBS_App/bin/uwsgi
chdir(): No such file or directory [core/uwsgi.c line 2468]
